Arguments: 
  C:\Program Files\nodejs\node.exe C:\Users\1021021\AppData\Roaming\npm\node_modules\yarn\bin\yarn.js install

PATH: 
  C:\Users\1021021\bin;C:\Users\1021021\AppData\Local\Programs\Git\mingw64\bin;C:\Users\1021021\AppData\Local\Programs\Git\usr\local\bin;C:\Users\1021021\AppData\Local\Programs\Git\usr\bin;C:\Users\1021021\AppData\Local\Programs\Git\usr\bin;C:\Users\1021021\AppData\Local\Programs\Git\mingw64\bin;C:\Users\1021021\AppData\Local\Programs\Git\usr\bin;C:\Users\1021021\bin;C:\Program Files\Common Files\Oracle\Java\javapath;C:\Program Files\Microsoft\jdk-11.0.16.101-hotspot\bin;C:\Python311\Scripts;C:\Python311;C:\Windows\system32;C:\Windows;C:\Windows\System32\Wbem;C:\Windows\System32\WindowsPowerShell\v1.0;C:\Windows\System32\OpenSSH;C:\Program Files\dotnet;C:\Program Files (x86)\NVIDIA Corporation\PhysX\Common;C:\Program Files\nodejs;C:\ProgramData\chocolatey\bin;C:\Program Files\Microsoft SQL Server\150\Tools\Binn;C:\Program Files\Microsoft SQL Server\Client SDK\ODBC\170\Tools\Binn;C:\Android\platform-tools;C:\Program Files\WindowsPowerShell\Scripts;C:\Users\1021021\AppData\Local\Microsoft\WindowsApps;C:\Users\1021021\AppData\Local\Programs\Microsoft VS Code\bin;C:\Users\1021021\AppData\Local\GitHubDesktop\bin;C:\Users\1021021\AppData\Local\Programs\Git\cmd;C:\Users\1021021\AppData\Roaming\npm;C:\Users\1021021\AppData\Local\JetBrains\Toolbox\scripts;C:\Users\1021021\.dotnet\tools;C:\Users\1021021\AppData\Local\JetBrains\PyCharm Community Edition 2023.2.1\bin;C:\ProgramData\1021021\gitkraken\bin;C:\Users\1021021\AppData\Local\Android\Sdk\platform-tools;C:\Users\1021021\AppData\Local\Programs\Git\usr\bin\vendor_perl;C:\Users\1021021\AppData\Local\Programs\Git\usr\bin\core_perl

Yarn version: 
  1.22.19

Node version: 
  18.17.1

Platform: 
  win32 x64

Trace: 
  Error: unable to get local issuer certificate
      at TLSSocket.onConnectSecure (node:_tls_wrap:1550:34)
      at TLSSocket.emit (node:events:514:28)
      at TLSSocket._finishInit (node:_tls_wrap:967:8)
      at ssl.onhandshakedone (node:_tls_wrap:743:12)

npm manifest: 
  {
    "name": "city-explorer",
    "version": "1.0.0",
    "description": "",
    "main": "index.js",
    "scripts": {
      "start": "node src/index.js",
      "test": "jest tests"
    },
    "keywords": [],
    "author": "",
    "license": "ISC",
    "type": "module",
    "dependencies": {
      "express": "^4.18.2",
      "node-fetch": "^2.7.0",
      "npm": "^10.2.5"
    },
    "devDependencies": {
      "@babel/preset-env": "^7.23.7",
      "babel-jest": "^29.7.0",
      "jest": "^29.7.0",
      "supertest": "^6.3.3"
    },
    "jest": {
      "transform": {
        "^.+\\.js$": "babel-jest"
      },
      "testEnvironment": "node"
    }
  }

yarn manifest: 
  No manifest

Lockfile: 
  No lockfile
